[18-Nov-2018 21:07:02 Africa/Lagos] Fatal error: Cannot rename the store currency. in ~/includes/controllers/ctrl_currency.inc.php on line 68
 ← ~/admin/currencies.app/edit_currency.inc.php on line 94 in save()
 ← ~/admin/index.php on line 125 in include()
Request: POST /litecart-2.1.4/public_html/admin/?app=currencies&doc=edit_currency&currency_code=USD HTTP/1.1
Client: ::1 (Emm)
User Agent: Mozilla/5.0 (Windows NT 10.0; Win64; x64) AppleWebKit/537.36 (KHTML, like Gecko) Chrome/70.0.3538.102 Safari/537.36

[20-Nov-2018 20:04:53 Africa/Lagos] Fatal error: Cannot rename the store currency. in ~/includes/controllers/ctrl_currency.inc.php on line 68
 ← ~/admin/currencies.app/edit_currency.inc.php on line 94 in save()
 ← ~/admin/index.php on line 125 in include()
Request: POST /litecart-2.1.4/public_html/admin/?app=currencies&doc=edit_currency&currency_code=USD HTTP/1.1
Client: ::1 (Emm)
User Agent: Mozilla/5.0 (Windows NT 10.0; Win64; x64) AppleWebKit/537.36 (KHTML, like Gecko) Chrome/70.0.3538.102 Safari/537.36

[20-Nov-2018 20:39:43 Africa/Lagos] Warning: mail(): Failed to connect to mailserver at &quot;localhost&quot; port 25, verify your &quot;SMTP&quot; and &quot;smtp_port&quot; setting in php.ini or use ini_set() in ~/includes/classes/email.inc.php on line 164
 ← ~/includes/controllers/ctrl_order.inc.php on line 758 in send()
 ← ~/pages/order_process.inc.php on line 137 in email_order_copy()
 ← ~/index.php on line 35 in include()
Request: GET /litecart-2.1.4/public_html/order_process HTTP/1.1
Client: ::1 (Emm)
User Agent: Mozilla/5.0 (Windows NT 10.0; Win64; x64) AppleWebKit/537.36 (KHTML, like Gecko) Chrome/70.0.3538.102 Safari/537.36

[20-Nov-2018 20:39:43 Africa/Lagos] Warning: Failed sending email to ikeogu322@gmail.com in ~/includes/classes/email.inc.php on line 165
 ← ~/includes/controllers/ctrl_order.inc.php on line 758 in send()
 ← ~/pages/order_process.inc.php on line 137 in email_order_copy()
 ← ~/index.php on line 35 in include()
Request: GET /litecart-2.1.4/public_html/order_process HTTP/1.1
Client: ::1 (Emm)
User Agent: Mozilla/5.0 (Windows NT 10.0; Win64; x64) AppleWebKit/537.36 (KHTML, like Gecko) Chrome/70.0.3538.102 Safari/537.36

[20-Nov-2018 20:39:44 Africa/Lagos] Warning: mail(): Failed to connect to mailserver at &quot;localhost&quot; port 25, verify your &quot;SMTP&quot; and &quot;smtp_port&quot; setting in php.ini or use ini_set() in ~/includes/classes/email.inc.php on line 164
 ← ~/includes/controllers/ctrl_order.inc.php on line 758 in send()
 ← ~/pages/order_process.inc.php on line 140 in email_order_copy()
 ← ~/index.php on line 35 in include()
Request: GET /litecart-2.1.4/public_html/order_process HTTP/1.1
Client: ::1 (Emm)
User Agent: Mozilla/5.0 (Windows NT 10.0; Win64; x64) AppleWebKit/537.36 (KHTML, like Gecko) Chrome/70.0.3538.102 Safari/537.36

[20-Nov-2018 20:39:44 Africa/Lagos] Warning: Failed sending email to eddy@gmail.com in ~/includes/classes/email.inc.php on line 165
 ← ~/includes/controllers/ctrl_order.inc.php on line 758 in send()
 ← ~/pages/order_process.inc.php on line 140 in email_order_copy()
 ← ~/index.php on line 35 in include()
Request: GET /litecart-2.1.4/public_html/order_process HTTP/1.1
Client: ::1 (Emm)
User Agent: Mozilla/5.0 (Windows NT 10.0; Win64; x64) AppleWebKit/537.36 (KHTML, like Gecko) Chrome/70.0.3538.102 Safari/537.36

[20-Nov-2018 21:41:27 Africa/Lagos] PHP Fatal error:  Uncaught Error: Class 'pm_mymodule' not found in C:\Bitnami\wampp\apache2\htdocs\litecart-2.1.4\public_html\admin\modules.app\modules.inc.php:110
Stack trace:
#0 C:\Bitnami\wampp\apache2\htdocs\litecart-2.1.4\public_html\admin\index.php(125): include()
#1 {main}
  thrown in C:\Bitnami\wampp\apache2\htdocs\litecart-2.1.4\public_html\admin\modules.app\modules.inc.php on line 110
[21-Nov-2018 13:41:00 Africa/Lagos] Fatal error: 1053 - Server shutdown in progress
select * from `mysop`.`lc_settings`
where `key` = 'auto_decimals'
limit 1;
 in ~/includes/library/lib_database.inc.php on line 227
 ← ~/includes/library/lib_database.inc.php on line 128 in _error()
 ← ~/includes/library/lib_settings.inc.php on line 57 in query()
 ← ~/includes/library/lib_currency.inc.php on line 173 in get()
 ← ~/includes/templates/default.catalog/views/listing_product.inc.php on line 15 in format()
 ← ~/includes/classes/view.inc.php on line 63 in include()
 ← ~/includes/classes/view.inc.php on line 20 in _process_view()
 ← ~/includes/functions/func_draw.inc.php on line 105 in stitch()
 ← ~/includes/library/lib_functions.inc.php on line 13 in draw_listing_product()
 ← ~/includes/templates/default.catalog/views/box_popular_products.inc.php on line 4 in __callstatic()
 ← ~/includes/classes/view.inc.php on line 63 in include()
 ← ~/includes/classes/view.inc.php on line 20 in _process_view()
 ← ~/includes/boxes/box_popular_products.inc.php on line 29 in stitch()
 ← ~/includes/templates/default.catalog/pages/index.inc.php on line 26 in include()
 ← ~/includes/classes/view.inc.php on line 63 in include()
 ← ~/includes/classes/view.inc.php on line 20 in _process_view()
 ← ~/pages/index.inc.php on line 12 in stitch()
 ← ~/index.php on line 35 in include()
Request: GET /litecart-2.1.4/public_html/ HTTP/1.1
Client: ::1 (Emm)
User Agent: Mozilla/5.0 (Windows NT 10.0; Win64; x64) AppleWebKit/537.36 (KHTML, like Gecko) Chrome/70.0.3538.102 Safari/537.36

[21-Nov-2018 04:41:02 America/Los_Angeles] Warning: mysqli::__construct(): (HY000/2002): No connection could be made because the target machine actively refused it.
 in ~/includes/library/lib_database.inc.php on line 12
 ← ~/includes/library/lib_database.inc.php on line 123 in connect()
 ← ~/includes/library/lib_language.inc.php on line 86 in query()
 ← ~/includes/library/lib_language.inc.php on line 20 in load()
 ← ~/includes/classes/system.inc.php on line 38 in forward_static_call()
 ← ~/includes/app_header.inc.php on line 32 in run()
 ← ~/index.php on line 16 in require_once()
Request: GET /litecart-2.1.4/public_html/ HTTP/1.1
Client: ::1 (Emm)
User Agent: Mozilla/5.0 (Windows NT 10.0; Win64; x64) AppleWebKit/537.36 (KHTML, like Gecko) Chrome/70.0.3538.102 Safari/537.36

[21-Nov-2018 15:54:07 Africa/Lagos] PHP Fatal error:  Uncaught Error: Class 'pm_mymodule' not found in C:\Bitnami\wampp\apache2\htdocs\litecart-2.1.4\public_html\admin\modules.app\modules.inc.php:110
Stack trace:
#0 C:\Bitnami\wampp\apache2\htdocs\litecart-2.1.4\public_html\admin\index.php(125): include()
#1 {main}
  thrown in C:\Bitnami\wampp\apache2\htdocs\litecart-2.1.4\public_html\admin\modules.app\modules.inc.php on line 110
[21-Nov-2018 15:56:33 Africa/Lagos] PHP Fatal error:  Uncaught Error: Class 'pm_mymodule' not found in C:\Bitnami\wampp\apache2\htdocs\litecart-2.1.4\public_html\admin\modules.app\modules.inc.php:110
Stack trace:
#0 C:\Bitnami\wampp\apache2\htdocs\litecart-2.1.4\public_html\admin\index.php(125): include()
#1 {main}
  thrown in C:\Bitnami\wampp\apache2\htdocs\litecart-2.1.4\public_html\admin\modules.app\modules.inc.php on line 110
[21-Nov-2018 15:57:09 Africa/Lagos] PHP Fatal error:  Uncaught Error: Class 'pm_mymodule' not found in C:\Bitnami\wampp\apache2\htdocs\litecart-2.1.4\public_html\admin\modules.app\modules.inc.php:110
Stack trace:
#0 C:\Bitnami\wampp\apache2\htdocs\litecart-2.1.4\public_html\admin\index.php(125): include()
#1 {main}
  thrown in C:\Bitnami\wampp\apache2\htdocs\litecart-2.1.4\public_html\admin\modules.app\modules.inc.php on line 110
[21-Nov-2018 16:12:21 Africa/Lagos] PHP Fatal error:  Uncaught Error: Class 'pm_mymodule' not found in C:\Bitnami\wampp\apache2\htdocs\litecart-2.1.4\public_html\admin\modules.app\modules.inc.php:110
Stack trace:
#0 C:\Bitnami\wampp\apache2\htdocs\litecart-2.1.4\public_html\admin\index.php(125): include()
#1 {main}
  thrown in C:\Bitnami\wampp\apache2\htdocs\litecart-2.1.4\public_html\admin\modules.app\modules.inc.php on line 110
[21-Nov-2018 16:13:46 Africa/Lagos] PHP Fatal error:  Uncaught Error: Class 'pm_mymodule' not found in C:\Bitnami\wampp\apache2\htdocs\litecart-2.1.4\public_html\admin\modules.app\modules.inc.php:110
Stack trace:
#0 C:\Bitnami\wampp\apache2\htdocs\litecart-2.1.4\public_html\admin\index.php(125): include()
#1 {main}
  thrown in C:\Bitnami\wampp\apache2\htdocs\litecart-2.1.4\public_html\admin\modules.app\modules.inc.php on line 110
[21-Nov-2018 21:52:23 Africa/Lagos] PHP Fatal error:  Uncaught Error: Class 'pm_mymodule' not found in C:\Bitnami\wampp\apache2\htdocs\litecart-2.1.4\public_html\admin\modules.app\modules.inc.php:110
Stack trace:
#0 C:\Bitnami\wampp\apache2\htdocs\litecart-2.1.4\public_html\admin\index.php(125): include()
#1 {main}
  thrown in C:\Bitnami\wampp\apache2\htdocs\litecart-2.1.4\public_html\admin\modules.app\modules.inc.php on line 110
[21-Nov-2018 22:02:37 Africa/Lagos] PHP Fatal error:  Uncaught Error: Class 'pm_mymodule' not found in C:\Bitnami\wampp\apache2\htdocs\litecart-2.1.4\public_html\admin\modules.app\modules.inc.php:110
Stack trace:
#0 C:\Bitnami\wampp\apache2\htdocs\litecart-2.1.4\public_html\admin\index.php(125): include()
#1 {main}
  thrown in C:\Bitnami\wampp\apache2\htdocs\litecart-2.1.4\public_html\admin\modules.app\modules.inc.php on line 110
[21-Nov-2018 22:04:04 Africa/Lagos] PHP Fatal error:  Uncaught Error: Class 'pm_mymodule' not found in C:\Bitnami\wampp\apache2\htdocs\litecart-2.1.4\public_html\admin\modules.app\modules.inc.php:110
Stack trace:
#0 C:\Bitnami\wampp\apache2\htdocs\litecart-2.1.4\public_html\admin\index.php(125): include()
#1 {main}
  thrown in C:\Bitnami\wampp\apache2\htdocs\litecart-2.1.4\public_html\admin\modules.app\modules.inc.php on line 110
[21-Nov-2018 22:04:13 Africa/Lagos] PHP Fatal error:  Uncaught Error: Class 'pm_mymodule' not found in C:\Bitnami\wampp\apache2\htdocs\litecart-2.1.4\public_html\admin\modules.app\modules.inc.php:110
Stack trace:
#0 C:\Bitnami\wampp\apache2\htdocs\litecart-2.1.4\public_html\admin\index.php(125): include()
#1 {main}
  thrown in C:\Bitnami\wampp\apache2\htdocs\litecart-2.1.4\public_html\admin\modules.app\modules.inc.php on line 110
[21-Nov-2018 22:04:52 Africa/Lagos] PHP Fatal error:  Uncaught Error: Class 'pm_mymodule' not found in C:\Bitnami\wampp\apache2\htdocs\litecart-2.1.4\public_html\admin\modules.app\modules.inc.php:110
Stack trace:
#0 C:\Bitnami\wampp\apache2\htdocs\litecart-2.1.4\public_html\admin\index.php(125): include()
#1 {main}
  thrown in C:\Bitnami\wampp\apache2\htdocs\litecart-2.1.4\public_html\admin\modules.app\modules.inc.php on line 110
[21-Nov-2018 22:09:46 Africa/Lagos] PHP Fatal error:  Uncaught Error: Class 'pm_mymodule' not found in C:\Bitnami\wampp\apache2\htdocs\litecart-2.1.4\public_html\admin\modules.app\modules.inc.php:110
Stack trace:
#0 C:\Bitnami\wampp\apache2\htdocs\litecart-2.1.4\public_html\admin\index.php(125): include()
#1 {main}
  thrown in C:\Bitnami\wampp\apache2\htdocs\litecart-2.1.4\public_html\admin\modules.app\modules.inc.php on line 110
[21-Nov-2018 13:48:51 America/Los_Angeles] Warning: mysqli::__construct(): (HY000/2002): No connection could be made because the target machine actively refused it.
 in ~/includes/library/lib_database.inc.php on line 12
 ← ~/includes/library/lib_database.inc.php on line 123 in connect()
 ← ~/includes/library/lib_language.inc.php on line 86 in query()
 ← ~/includes/library/lib_language.inc.php on line 20 in load()
 ← ~/includes/classes/system.inc.php on line 38 in forward_static_call()
 ← ~/includes/app_header.inc.php on line 32 in run()
 ← ~/admin/index.php on line 2 in require_once()
Request: GET /litecart-2.1.4/public_html/admin/ HTTP/1.1
Client: ::1 (Emm)
User Agent: Mozilla/5.0 (Windows NT 10.0; Win64; x64) AppleWebKit/537.36 (KHTML, like Gecko) Chrome/70.0.3538.102 Safari/537.36

[21-Nov-2018 13:49:11 America/Los_Angeles] Warning: mysqli::__construct(): (HY000/2002): No connection could be made because the target machine actively refused it.
 in ~/includes/library/lib_database.inc.php on line 12
 ← ~/includes/library/lib_database.inc.php on line 123 in connect()
 ← ~/includes/library/lib_language.inc.php on line 86 in query()
 ← ~/includes/library/lib_language.inc.php on line 20 in load()
 ← ~/includes/classes/system.inc.php on line 38 in forward_static_call()
 ← ~/includes/app_header.inc.php on line 32 in run()
 ← ~/admin/index.php on line 2 in require_once()
Request: GET /litecart-2.1.4/public_html/admin/ HTTP/1.1
Client: ::1 (Emm)
User Agent: Mozilla/5.0 (Windows NT 10.0; Win64; x64) AppleWebKit/537.36 (KHTML, like Gecko) Chrome/70.0.3538.102 Safari/537.36

[21-Nov-2018 22:50:53 Africa/Lagos] PHP Fatal error:  Uncaught Error: Class 'pm_mymodule' not found in C:\Bitnami\wampp\apache2\htdocs\litecart-2.1.4\public_html\admin\modules.app\modules.inc.php:110
Stack trace:
#0 C:\Bitnami\wampp\apache2\htdocs\litecart-2.1.4\public_html\admin\index.php(125): include()
#1 {main}
  thrown in C:\Bitnami\wampp\apache2\htdocs\litecart-2.1.4\public_html\admin\modules.app\modules.inc.php on line 110
[22-Nov-2018 03:54:10 Africa/Lagos] PHP Fatal error:  Uncaught Error: Class 'pm_mymodule' not found in C:\Bitnami\wampp\apache2\htdocs\litecart-2.1.4\public_html\admin\modules.app\modules.inc.php:110
Stack trace:
#0 C:\Bitnami\wampp\apache2\htdocs\litecart-2.1.4\public_html\admin\index.php(125): include()
#1 {main}
  thrown in C:\Bitnami\wampp\apache2\htdocs\litecart-2.1.4\public_html\admin\modules.app\modules.inc.php on line 110
[22-Nov-2018 03:55:51 Africa/Lagos] PHP Fatal error:  Uncaught Error: Class 'pm_mymodule' not found in C:\Bitnami\wampp\apache2\htdocs\litecart-2.1.4\public_html\admin\modules.app\modules.inc.php:110
Stack trace:
#0 C:\Bitnami\wampp\apache2\htdocs\litecart-2.1.4\public_html\admin\index.php(125): include()
#1 {main}
  thrown in C:\Bitnami\wampp\apache2\htdocs\litecart-2.1.4\public_html\admin\modules.app\modules.inc.php on line 110
[22-Nov-2018 04:04:17 Africa/Lagos] Notice: Undefined variable: pm_mymodule_id in ~/admin/modules.app/modules.inc.php on line 110
Request: GET /litecart-2.1.4/public_html/admin/?app=modules&doc=payment HTTP/1.1
Client: ::1 (Emm)
User Agent: Mozilla/5.0 (Windows NT 10.0; Win64; x64) AppleWebKit/537.36 (KHTML, like Gecko) Chrome/70.0.3538.102 Safari/537.36

[22-Nov-2018 04:04:17 Africa/Lagos] PHP Fatal error:  Uncaught Error: Class name must be a valid object or a string in C:\Bitnami\wampp\apache2\htdocs\litecart-2.1.4\public_html\admin\modules.app\modules.inc.php:110
Stack trace:
#0 C:\Bitnami\wampp\apache2\htdocs\litecart-2.1.4\public_html\admin\index.php(125): include()
#1 {main}
  thrown in C:\Bitnami\wampp\apache2\htdocs\litecart-2.1.4\public_html\admin\modules.app\modules.inc.php on line 110
[22-Nov-2018 04:05:11 Africa/Lagos] Notice: Undefined variable: pm_mymodule_id in ~/admin/modules.app/modules.inc.php on line 110
Request: GET /litecart-2.1.4/public_html/admin/?app=modules&doc=payment HTTP/1.1
Client: ::1 (Emm)
User Agent: Mozilla/5.0 (Windows NT 10.0; Win64; x64) AppleWebKit/537.36 (KHTML, like Gecko) Chrome/70.0.3538.102 Safari/537.36

[22-Nov-2018 04:05:11 Africa/Lagos] PHP Fatal error:  Uncaught Error: Class name must be a valid object or a string in C:\Bitnami\wampp\apache2\htdocs\litecart-2.1.4\public_html\admin\modules.app\modules.inc.php:110
Stack trace:
#0 C:\Bitnami\wampp\apache2\htdocs\litecart-2.1.4\public_html\admin\index.php(125): include()
#1 {main}
  thrown in C:\Bitnami\wampp\apache2\htdocs\litecart-2.1.4\public_html\admin\modules.app\modules.inc.php on line 110
[22-Nov-2018 04:06:42 Africa/Lagos] Notice: Use of undefined constant WS_DIR_pm_mymoduleS - assumed 'WS_DIR_pm_mymoduleS' in ~/admin/modules.app/modules.inc.php on line 37
Request: GET /litecart-2.1.4/public_html/admin/?app=modules&doc=payment HTTP/1.1
Client: ::1 (Emm)
User Agent: Mozilla/5.0 (Windows NT 10.0; Win64; x64) AppleWebKit/537.36 (KHTML, like Gecko) Chrome/70.0.3538.102 Safari/537.36

[22-Nov-2018 04:06:43 Africa/Lagos] Notice: Use of undefined constant DB_TABLE_pm_mymoduleS - assumed 'DB_TABLE_pm_mymoduleS' in ~/admin/modules.app/modules.inc.php on line 56
Request: GET /litecart-2.1.4/public_html/admin/?app=modules&doc=payment HTTP/1.1
Client: ::1 (Emm)
User Agent: Mozilla/5.0 (Windows NT 10.0; Win64; x64) AppleWebKit/537.36 (KHTML, like Gecko) Chrome/70.0.3538.102 Safari/537.36

[22-Nov-2018 04:06:43 Africa/Lagos] Fatal error: 1146 - Table 'mysop.db_table_pm_mymodules' doesn't exist
select * from DB_TABLE_pm_mymoduleS
where type = 'payment';
 in ~/includes/library/lib_database.inc.php on line 227
 ← ~/includes/library/lib_database.inc.php on line 128 in _error()
 ← ~/admin/modules.app/modules.inc.php on line 57 in query()
 ← ~/admin/index.php on line 125 in include()
Request: GET /litecart-2.1.4/public_html/admin/?app=modules&doc=payment HTTP/1.1
Client: ::1 (Emm)
User Agent: Mozilla/5.0 (Windows NT 10.0; Win64; x64) AppleWebKit/537.36 (KHTML, like Gecko) Chrome/70.0.3538.102 Safari/537.36

[22-Nov-2018 04:09:20 Africa/Lagos] Notice: Undefined index: pm_mymodule_id in ~/admin/modules.app/modules.inc.php on line 62
Request: GET /litecart-2.1.4/public_html/admin/?app=modules&doc=payment HTTP/1.1
Client: ::1 (Emm)
User Agent: Mozilla/5.0 (Windows NT 10.0; Win64; x64) AppleWebKit/537.36 (KHTML, like Gecko) Chrome/70.0.3538.102 Safari/537.36

[22-Nov-2018 04:09:20 Africa/Lagos] Notice: Undefined property: mod_payment::$pm_mymodules in ~/admin/modules.app/modules.inc.php on line 84
Request: GET /litecart-2.1.4/public_html/admin/?app=modules&doc=payment HTTP/1.1
Client: ::1 (Emm)
User Agent: Mozilla/5.0 (Windows NT 10.0; Win64; x64) AppleWebKit/537.36 (KHTML, like Gecko) Chrome/70.0.3538.102 Safari/537.36

[22-Nov-2018 04:09:20 Africa/Lagos] Notice: Trying to get property of non-object in ~/admin/modules.app/modules.inc.php on line 115
Request: GET /litecart-2.1.4/public_html/admin/?app=modules&doc=payment HTTP/1.1
Client: ::1 (Emm)
User Agent: Mozilla/5.0 (Windows NT 10.0; Win64; x64) AppleWebKit/537.36 (KHTML, like Gecko) Chrome/70.0.3538.102 Safari/537.36

[22-Nov-2018 04:09:20 Africa/Lagos] Notice: Trying to get property of non-object in ~/admin/modules.app/modules.inc.php on line 117
Request: GET /litecart-2.1.4/public_html/admin/?app=modules&doc=payment HTTP/1.1
Client: ::1 (Emm)
User Agent: Mozilla/5.0 (Windows NT 10.0; Win64; x64) AppleWebKit/537.36 (KHTML, like Gecko) Chrome/70.0.3538.102 Safari/537.36

[22-Nov-2018 04:09:20 Africa/Lagos] Notice: Trying to get property of non-object in ~/admin/modules.app/modules.inc.php on line 118
Request: GET /litecart-2.1.4/public_html/admin/?app=modules&doc=payment HTTP/1.1
Client: ::1 (Emm)
User Agent: Mozilla/5.0 (Windows NT 10.0; Win64; x64) AppleWebKit/537.36 (KHTML, like Gecko) Chrome/70.0.3538.102 Safari/537.36

[22-Nov-2018 04:09:20 Africa/Lagos] Notice: Trying to get property of non-object in ~/admin/modules.app/modules.inc.php on line 119
Request: GET /litecart-2.1.4/public_html/admin/?app=modules&doc=payment HTTP/1.1
Client: ::1 (Emm)
User Agent: Mozilla/5.0 (Windows NT 10.0; Win64; x64) AppleWebKit/537.36 (KHTML, like Gecko) Chrome/70.0.3538.102 Safari/537.36

[22-Nov-2018 04:09:20 Africa/Lagos] Notice: Trying to get property of non-object in ~/admin/modules.app/modules.inc.php on line 121
Request: GET /litecart-2.1.4/public_html/admin/?app=modules&doc=payment HTTP/1.1
Client: ::1 (Emm)
User Agent: Mozilla/5.0 (Windows NT 10.0; Win64; x64) AppleWebKit/537.36 (KHTML, like Gecko) Chrome/70.0.3538.102 Safari/537.36

[22-Nov-2018 04:09:20 Africa/Lagos] PHP Fatal error:  Uncaught Error: Class 'pm_mymodule' not found in C:\Bitnami\wampp\apache2\htdocs\litecart-2.1.4\public_html\admin\modules.app\modules.inc.php:110
Stack trace:
#0 C:\Bitnami\wampp\apache2\htdocs\litecart-2.1.4\public_html\admin\index.php(125): include()
#1 {main}
  thrown in C:\Bitnami\wampp\apache2\htdocs\litecart-2.1.4\public_html\admin\modules.app\modules.inc.php on line 110
[22-Nov-2018 04:12:03 Africa/Lagos] PHP Fatal error:  Uncaught Error: Class 'pm_mymodule' not found in C:\Bitnami\wampp\apache2\htdocs\litecart-2.1.4\public_html\admin\modules.app\modules.inc.php:110
Stack trace:
#0 C:\Bitnami\wampp\apache2\htdocs\litecart-2.1.4\public_html\admin\index.php(125): include()
#1 {main}
  thrown in C:\Bitnami\wampp\apache2\htdocs\litecart-2.1.4\public_html\admin\modules.app\modules.inc.php on line 110
[22-Nov-2018 04:14:32 Africa/Lagos] Fatal error: modules.app/payment is not a valid admin document in ~/admin/index.php on line 124
Request: GET /litecart-2.1.4/public_html/admin/?app=modules&doc=payment HTTP/1.1
Client: ::1 (Emm)
User Agent: Mozilla/5.0 (Windows NT 10.0; Win64; x64) AppleWebKit/537.36 (KHTML, like Gecko) Chrome/70.0.3538.102 Safari/537.36

[22-Nov-2018 04:15:35 Africa/Lagos] Fatal error: modules.app/payment is not a valid admin document in ~/admin/index.php on line 124
Request: GET /litecart-2.1.4/public_html/admin/?app=modules&doc=payment HTTP/1.1
Client: ::1 (Emm)
User Agent: Mozilla/5.0 (Windows NT 10.0; Win64; x64) AppleWebKit/537.36 (KHTML, like Gecko) Chrome/70.0.3538.102 Safari/537.36

[22-Nov-2018 04:15:41 Africa/Lagos] Fatal error: modules.app/payment is not a valid admin document in ~/admin/index.php on line 124
Request: GET /litecart-2.1.4/public_html/admin/?app=modules&doc=payment HTTP/1.1
Client: ::1 (Emm)
User Agent: Mozilla/5.0 (Windows NT 10.0; Win64; x64) AppleWebKit/537.36 (KHTML, like Gecko) Chrome/70.0.3538.102 Safari/537.36

[22-Nov-2018 04:21:02 Africa/Lagos] PHP Fatal error:  Uncaught Error: Class 'pm_mymodule' not found in C:\Bitnami\wampp\apache2\htdocs\litecart-2.1.4\public_html\admin\modules.app\modules.inc.php:110
Stack trace:
#0 C:\Bitnami\wampp\apache2\htdocs\litecart-2.1.4\public_html\admin\index.php(125): include()
#1 {main}
  thrown in C:\Bitnami\wampp\apache2\htdocs\litecart-2.1.4\public_html\admin\modules.app\modules.inc.php on line 110
[22-Nov-2018 18:53:09 Africa/Lagos] PHP Fatal error:  Uncaught Error: Class 'pm_mymodule' not found in C:\Bitnami\wampp\apache2\htdocs\litecart-2.1.4\public_html\admin\modules.app\modules.inc.php:110
Stack trace:
#0 C:\Bitnami\wampp\apache2\htdocs\litecart-2.1.4\public_html\admin\index.php(125): include()
#1 {main}
  thrown in C:\Bitnami\wampp\apache2\htdocs\litecart-2.1.4\public_html\admin\modules.app\modules.inc.php on line 110
[22-Nov-2018 18:53:37 Africa/Lagos] PHP Fatal error:  Uncaught Error: Class 'pm_mymodule' not found in C:\Bitnami\wampp\apache2\htdocs\litecart-2.1.4\public_html\admin\modules.app\modules.inc.php:110
Stack trace:
#0 C:\Bitnami\wampp\apache2\htdocs\litecart-2.1.4\public_html\admin\index.php(125): include()
#1 {main}
  thrown in C:\Bitnami\wampp\apache2\htdocs\litecart-2.1.4\public_html\admin\modules.app\modules.inc.php on line 110
